g:\sinaen\autofp\debug\autofp.lib
g:\sinaen\autofp\debug\autofp.exp
g:\sinaen\autofp\debug\autofp.bsc
g:\sinaen\autofp\debug\autofp.pch
g:\sinaen\autofp\debug\vc141.pdb
g:\sinaen\autofp\debug\vc141.idb
g:\sinaen\autofp\debug\stdafx.sbr
g:\sinaen\autofp\debug\stdafx.obj
g:\sinaen\autofp\debug\xpgroupbox.sbr
g:\sinaen\autofp\debug\socketmanager.sbr
g:\sinaen\autofp\debug\socketcomm.sbr
g:\sinaen\autofp\debug\serialctl.sbr
g:\sinaen\autofp\debug\roundbuttonstyle.sbr
g:\sinaen\autofp\debug\roundbutton2.sbr
g:\sinaen\autofp\debug\pxxate.sbr
g:\sinaen\autofp\debug\p800ispdlg.sbr
g:\sinaen\autofp\debug\cmmsdk.sbr
g:\sinaen\autofp\debug\motionact.sbr
g:\sinaen\autofp\debug\logfile.sbr
g:\sinaen\autofp\debug\label.sbr
g:\sinaen\autofp\debug\iosd404.sbr
g:\sinaen\autofp\debug\inifile.sbr
g:\sinaen\autofp\debug\basicexcel.sbr
g:\sinaen\autofp\debug\httpresponsea.sbr
g:\sinaen\autofp\debug\httprequesta.sbr
g:\sinaen\autofp\debug\httpcontext.sbr
g:\sinaen\autofp\debug\httpapplication.sbr
g:\sinaen\autofp\debug\global.sbr
g:\sinaen\autofp\debug\global.obj
g:\sinaen\autofp\debug\httpapplication.obj
g:\sinaen\autofp\debug\httpcontext.obj
g:\sinaen\autofp\debug\httprequesta.obj
g:\sinaen\autofp\debug\httpresponsea.obj
g:\sinaen\autofp\debug\basicexcel.obj
g:\sinaen\autofp\debug\inifile.obj
g:\sinaen\autofp\debug\iosd404.obj
g:\sinaen\autofp\debug\label.obj
g:\sinaen\autofp\debug\logfile.obj
g:\sinaen\autofp\debug\motionact.obj
g:\sinaen\autofp\debug\cmmsdk.obj
g:\sinaen\autofp\debug\p800ispdlg.obj
g:\sinaen\autofp\debug\pxxate.obj
g:\sinaen\autofp\debug\roundbutton2.obj
g:\sinaen\autofp\debug\roundbuttonstyle.obj
g:\sinaen\autofp\debug\serialctl.obj
g:\sinaen\autofp\debug\socketcomm.obj
g:\sinaen\autofp\debug\socketmanager.obj
g:\sinaen\autofp\debug\xpgroupbox.obj
g:\sinaen\autofp\debug\exceldatadlg.sbr
g:\sinaen\autofp\debug\enumserial.sbr
g:\sinaen\autofp\debug\dlgundercamera.sbr
g:\sinaen\autofp\debug\dlgtray.sbr
g:\sinaen\autofp\debug\dlgtapein.sbr
g:\sinaen\autofp\debug\dlgsupply.sbr
g:\sinaen\autofp\debug\dlgsocket.sbr
g:\sinaen\autofp\debug\dlgsetting.sbr
g:\sinaen\autofp\debug\dlgreject.sbr
g:\sinaen\autofp\debug\dlgposition.sbr
g:\sinaen\autofp\debug\dlgmodelcheck.sbr
g:\sinaen\autofp\debug\datapos.sbr
g:\sinaen\autofp\debug\comiiosd404.sbr
g:\sinaen\autofp\debug\comidas.sbr
g:\sinaen\autofp\debug\comidaqctrl1.sbr
g:\sinaen\autofp\debug\comidaq.sbr
g:\sinaen\autofp\debug\cameraport.sbr
g:\sinaen\autofp\debug\burningport.sbr
g:\sinaen\autofp\debug\btnst.sbr
g:\sinaen\autofp\debug\autofpdlg.sbr
g:\sinaen\autofp\debug\autofpdlg.obj
g:\sinaen\autofp\debug\btnst.obj
g:\sinaen\autofp\debug\burningport.obj
g:\sinaen\autofp\debug\cameraport.obj
g:\sinaen\autofp\debug\comidaq.obj
g:\sinaen\autofp\debug\comidaqctrl1.obj
g:\sinaen\autofp\debug\comidas.obj
g:\sinaen\autofp\debug\comiiosd404.obj
g:\sinaen\autofp\debug\datapos.obj
g:\sinaen\autofp\debug\dlgmodelcheck.obj
g:\sinaen\autofp\debug\dlgposition.obj
g:\sinaen\autofp\debug\dlgreject.obj
g:\sinaen\autofp\debug\dlgsetting.obj
g:\sinaen\autofp\debug\dlgsocket.obj
g:\sinaen\autofp\debug\dlgsupply.obj
g:\sinaen\autofp\debug\dlgtapein.obj
g:\sinaen\autofp\debug\dlgtray.obj
g:\sinaen\autofp\debug\dlgundercamera.obj
g:\sinaen\autofp\debug\enumserial.obj
g:\sinaen\autofp\debug\exceldatadlg.obj
g:\sinaen\autofp\debug\autofp.sbr
g:\sinaen\autofp\debug\autofp.obj
g:\sinaen\autofp\debug\autofp.ilk
g:\sinaen\autofp\debug\autofp.exe
g:\sinaen\autofp\debug\autofp.pdb
g:\sinaen\autofp\debug\autofp.res
g:\sinaen\autofp\.\debug\autofp.exe
g:\sinaen\autofp\debug\autofp.tlog\autofp.write.1u.tlog
g:\sinaen\autofp\debug\autofp.tlog\bscmake.command.1.tlog
g:\sinaen\autofp\debug\autofp.tlog\bscmake.read.1.tlog
g:\sinaen\autofp\debug\autofp.tlog\bscmake.write.1.tlog
g:\sinaen\autofp\debug\autofp.tlog\cl.command.1.tlog
g:\sinaen\autofp\debug\autofp.tlog\cl.read.1.tlog
g:\sinaen\autofp\debug\autofp.tlog\cl.write.1.tlog
g:\sinaen\autofp\debug\autofp.tlog\link.command.1.tlog
g:\sinaen\autofp\debug\autofp.tlog\link.read.1.tlog
g:\sinaen\autofp\debug\autofp.tlog\link.write.1.tlog
g:\sinaen\autofp\debug\autofp.tlog\rc.command.1.tlog
g:\sinaen\autofp\debug\autofp.tlog\rc.read.1.tlog
g:\sinaen\autofp\debug\autofp.tlog\rc.write.1.tlog
