  BurningPort.cpp
g:\sinaen\autofp\label.h(18): warning C4091: “static ”: 没有声明变量时忽略“CLabel::FlashType”的左侧
g:\sinaen\autofp\label.h(19): warning C4091: “static ”: 没有声明变量时忽略“CLabel::BackFillMode”的左侧
g:\sinaen\autofp\foobutton.h(61): warning C4091: “static ”: 没有声明变量时忽略“FooButton::Type”的左侧
g:\sinaen\autofp\foobutton.h(73): warning C4091: “static ”: 没有声明变量时忽略“FooButton::Text”的左侧
g:\sinaen\autofp\foobutton.h(83): warning C4091: “static ”: 没有声明变量时忽略“FooButton::Focus”的左侧
g:\sinaen\autofp\roundbuttonstyle.h(28): warning C4091: “static ”: 没有声明变量时忽略“ButtonState”的左侧
g:\sinaen\autofp\inc\json\reader.h(155): warning C4251: “Json::Reader::nodes_”: class“std::stack<Json::Value *,std::deque<_Ty,std::allocator<_Ty>>>”需要有 dll 接口由 class“Json::Reader”的客户端使用
          with
          [
              _Ty=Json::Value *
          ]
  g:\sinaen\autofp\inc\json\reader.h(154): note: 参见“std::stack<Json::Value *,std::deque<_Ty,std::allocator<_Ty>>>”的声明
          with
          [
              _Ty=Json::Value *
          ]
g:\sinaen\autofp\inc\json\reader.h(156): warning C4251: “Json::Reader::errors_”: class“std::deque<Json::Reader::ErrorInfo,std::allocator<_Ty>>”需要有 dll 接口由 class“Json::Reader”的客户端使用
          with
          [
              _Ty=Json::Reader::ErrorInfo
          ]
  g:\sinaen\autofp\inc\json\reader.h(108): note: 参见“std::deque<Json::Reader::ErrorInfo,std::allocator<_Ty>>”的声明
          with
          [
              _Ty=Json::Reader::ErrorInfo
          ]
g:\sinaen\autofp\inc\json\reader.h(157): warning C4251: “Json::Reader::document_”: class“std::basic_string<char,std::char_traits<char>,std::allocator<char>>”需要有 dll 接口由 class“Json::Reader”的客户端使用
  c:\program files (x86)\microsoft visual studio\2017\community\vc\tools\msvc\14.10.25017\include\xstring(3997): note: 参见“std::basic_string<char,std::char_traits<char>,std::allocator<char>>”的声明
g:\sinaen\autofp\inc\json\reader.h(163): warning C4251: “Json::Reader::commentsBefore_”: class“std::basic_string<char,std::char_traits<char>,std::allocator<char>>”需要有 dll 接口由 class“Json::Reader”的客户端使用
  c:\program files (x86)\microsoft visual studio\2017\community\vc\tools\msvc\14.10.25017\include\xstring(3997): note: 参见“std::basic_string<char,std::char_traits<char>,std::allocator<char>>”的声明
g:\sinaen\autofp\inc\json\writer.h(43): warning C4251: “Json::FastWriter::document_”: class“std::basic_string<char,std::char_traits<char>,std::allocator<char>>”需要有 dll 接口由 class“Json::FastWriter”的客户端使用
  c:\program files (x86)\microsoft visual studio\2017\community\vc\tools\msvc\14.10.25017\include\xstring(3997): note: 参见“std::basic_string<char,std::char_traits<char>,std::allocator<char>>”的声明
g:\sinaen\autofp\inc\json\writer.h(94): warning C4251: “Json::StyledWriter::childValues_”: class“std::vector<std::string,std::allocator<_Ty>>”需要有 dll 接口由 class“Json::StyledWriter”的客户端使用
          with
          [
              _Ty=std::string
          ]
  g:\sinaen\autofp\inc\json\value.h(119): note: 参见“std::vector<std::string,std::allocator<_Ty>>”的声明
          with
          [
              _Ty=std::string
          ]
g:\sinaen\autofp\inc\json\writer.h(95): warning C4251: “Json::StyledWriter::document_”: class“std::basic_string<char,std::char_traits<char>,std::allocator<char>>”需要有 dll 接口由 class“Json::StyledWriter”的客户端使用
  c:\program files (x86)\microsoft visual studio\2017\community\vc\tools\msvc\14.10.25017\include\xstring(3997): note: 参见“std::basic_string<char,std::char_traits<char>,std::allocator<char>>”的声明
g:\sinaen\autofp\inc\json\writer.h(96): warning C4251: “Json::StyledWriter::indentString_”: class“std::basic_string<char,std::char_traits<char>,std::allocator<char>>”需要有 dll 接口由 class“Json::StyledWriter”的客户端使用
  c:\program files (x86)\microsoft visual studio\2017\community\vc\tools\msvc\14.10.25017\include\xstring(3997): note: 参见“std::basic_string<char,std::char_traits<char>,std::allocator<char>>”的声明
g:\sinaen\autofp\inc\json\writer.h(152): warning C4251: “Json::StyledStreamWriter::childValues_”: class“std::vector<std::string,std::allocator<_Ty>>”需要有 dll 接口由 class“Json::StyledStreamWriter”的客户端使用
          with
          [
              _Ty=std::string
          ]
  g:\sinaen\autofp\inc\json\value.h(119): note: 参见“std::vector<std::string,std::allocator<_Ty>>”的声明
          with
          [
              _Ty=std::string
          ]
g:\sinaen\autofp\inc\json\writer.h(154): warning C4251: “Json::StyledStreamWriter::indentString_”: class“std::basic_string<char,std::char_traits<char>,std::allocator<char>>”需要有 dll 接口由 class“Json::StyledStreamWriter”的客户端使用
  c:\program files (x86)\microsoft visual studio\2017\community\vc\tools\msvc\14.10.25017\include\xstring(3997): note: 参见“std::basic_string<char,std::char_traits<char>,std::allocator<char>>”的声明
g:\sinaen\autofp\inc\json\writer.h(156): warning C4251: “Json::StyledStreamWriter::indentation_”: class“std::basic_string<char,std::char_traits<char>,std::allocator<char>>”需要有 dll 接口由 class“Json::StyledStreamWriter”的客户端使用
  c:\program files (x86)\microsoft visual studio\2017\community\vc\tools\msvc\14.10.25017\include\xstring(3997): note: 参见“std::basic_string<char,std::char_traits<char>,std::allocator<char>>”的声明
g:\sinaen\autofp\burningport.cpp(127): warning C4018: “>”: 有符号/无符号不匹配
g:\sinaen\autofp\burningport.cpp(135): warning C4018: “>”: 有符号/无符号不匹配
g:\sinaen\autofp\burningport.cpp(874): warning C4553: “==”: 运算符不起任何作用；是否是有意使用“=”的?
g:\sinaen\autofp\burningport.cpp(875): warning C4553: “==”: 运算符不起任何作用；是否是有意使用“=”的?
g:\sinaen\autofp\burningport.cpp(876): warning C4553: “==”: 运算符不起任何作用；是否是有意使用“=”的?
g:\sinaen\autofp\burningport.cpp(877): warning C4553: “==”: 运算符不起任何作用；是否是有意使用“=”的?
g:\sinaen\autofp\burningport.cpp(1421): warning C4101: “hThread”: 未引用的局部变量
g:\sinaen\autofp\burningport.cpp(1566): warning C4101: “hThread”: 未引用的局部变量
g:\sinaen\autofp\burningport.cpp(1673): warning C4018: “<”: 有符号/无符号不匹配
g:\sinaen\autofp\burningport.cpp(1803): warning C4101: “hThread”: 未引用的局部变量
g:\sinaen\autofp\burningport.cpp(2088): warning C4101: “hThread”: 未引用的局部变量
g:\sinaen\autofp\burningport.cpp(2541): warning C4244: “=”: 从“float”转换到“int”，可能丢失数据
  AutoFPDlg.cpp
g:\sinaen\autofp\label.h(18): warning C4091: “static ”: 没有声明变量时忽略“CLabel::FlashType”的左侧
g:\sinaen\autofp\label.h(19): warning C4091: “static ”: 没有声明变量时忽略“CLabel::BackFillMode”的左侧
g:\sinaen\autofp\foobutton.h(61): warning C4091: “static ”: 没有声明变量时忽略“FooButton::Type”的左侧
g:\sinaen\autofp\foobutton.h(73): warning C4091: “static ”: 没有声明变量时忽略“FooButton::Text”的左侧
g:\sinaen\autofp\foobutton.h(83): warning C4091: “static ”: 没有声明变量时忽略“FooButton::Focus”的左侧
g:\sinaen\autofp\roundbuttonstyle.h(28): warning C4091: “static ”: 没有声明变量时忽略“ButtonState”的左侧
g:\sinaen\autofp\inc\json\reader.h(155): warning C4251: “Json::Reader::nodes_”: class“std::stack<Json::Value *,std::deque<_Ty,std::allocator<_Ty>>>”需要有 dll 接口由 class“Json::Reader”的客户端使用
          with
          [
              _Ty=Json::Value *
          ]
  g:\sinaen\autofp\inc\json\reader.h(154): note: 参见“std::stack<Json::Value *,std::deque<_Ty,std::allocator<_Ty>>>”的声明
          with
          [
              _Ty=Json::Value *
          ]
g:\sinaen\autofp\inc\json\reader.h(156): warning C4251: “Json::Reader::errors_”: class“std::deque<Json::Reader::ErrorInfo,std::allocator<_Ty>>”需要有 dll 接口由 class“Json::Reader”的客户端使用
          with
          [
              _Ty=Json::Reader::ErrorInfo
          ]
  g:\sinaen\autofp\inc\json\reader.h(108): note: 参见“std::deque<Json::Reader::ErrorInfo,std::allocator<_Ty>>”的声明
          with
          [
              _Ty=Json::Reader::ErrorInfo
          ]
g:\sinaen\autofp\inc\json\reader.h(157): warning C4251: “Json::Reader::document_”: class“std::basic_string<char,std::char_traits<char>,std::allocator<char>>”需要有 dll 接口由 class“Json::Reader”的客户端使用
  c:\program files (x86)\microsoft visual studio\2017\community\vc\tools\msvc\14.10.25017\include\xstring(3997): note: 参见“std::basic_string<char,std::char_traits<char>,std::allocator<char>>”的声明
g:\sinaen\autofp\inc\json\reader.h(163): warning C4251: “Json::Reader::commentsBefore_”: class“std::basic_string<char,std::char_traits<char>,std::allocator<char>>”需要有 dll 接口由 class“Json::Reader”的客户端使用
  c:\program files (x86)\microsoft visual studio\2017\community\vc\tools\msvc\14.10.25017\include\xstring(3997): note: 参见“std::basic_string<char,std::char_traits<char>,std::allocator<char>>”的声明
g:\sinaen\autofp\inc\json\writer.h(43): warning C4251: “Json::FastWriter::document_”: class“std::basic_string<char,std::char_traits<char>,std::allocator<char>>”需要有 dll 接口由 class“Json::FastWriter”的客户端使用
  c:\program files (x86)\microsoft visual studio\2017\community\vc\tools\msvc\14.10.25017\include\xstring(3997): note: 参见“std::basic_string<char,std::char_traits<char>,std::allocator<char>>”的声明
g:\sinaen\autofp\inc\json\writer.h(94): warning C4251: “Json::StyledWriter::childValues_”: class“std::vector<std::string,std::allocator<_Ty>>”需要有 dll 接口由 class“Json::StyledWriter”的客户端使用
          with
          [
              _Ty=std::string
          ]
  g:\sinaen\autofp\inc\json\value.h(119): note: 参见“std::vector<std::string,std::allocator<_Ty>>”的声明
          with
          [
              _Ty=std::string
          ]
g:\sinaen\autofp\inc\json\writer.h(95): warning C4251: “Json::StyledWriter::document_”: class“std::basic_string<char,std::char_traits<char>,std::allocator<char>>”需要有 dll 接口由 class“Json::StyledWriter”的客户端使用
  c:\program files (x86)\microsoft visual studio\2017\community\vc\tools\msvc\14.10.25017\include\xstring(3997): note: 参见“std::basic_string<char,std::char_traits<char>,std::allocator<char>>”的声明
g:\sinaen\autofp\inc\json\writer.h(96): warning C4251: “Json::StyledWriter::indentString_”: class“std::basic_string<char,std::char_traits<char>,std::allocator<char>>”需要有 dll 接口由 class“Json::StyledWriter”的客户端使用
  c:\program files (x86)\microsoft visual studio\2017\community\vc\tools\msvc\14.10.25017\include\xstring(3997): note: 参见“std::basic_string<char,std::char_traits<char>,std::allocator<char>>”的声明
g:\sinaen\autofp\inc\json\writer.h(152): warning C4251: “Json::StyledStreamWriter::childValues_”: class“std::vector<std::string,std::allocator<_Ty>>”需要有 dll 接口由 class“Json::StyledStreamWriter”的客户端使用
          with
          [
              _Ty=std::string
          ]
  g:\sinaen\autofp\inc\json\value.h(119): note: 参见“std::vector<std::string,std::allocator<_Ty>>”的声明
          with
          [
              _Ty=std::string
          ]
g:\sinaen\autofp\inc\json\writer.h(154): warning C4251: “Json::StyledStreamWriter::indentString_”: class“std::basic_string<char,std::char_traits<char>,std::allocator<char>>”需要有 dll 接口由 class“Json::StyledStreamWriter”的客户端使用
  c:\program files (x86)\microsoft visual studio\2017\community\vc\tools\msvc\14.10.25017\include\xstring(3997): note: 参见“std::basic_string<char,std::char_traits<char>,std::allocator<char>>”的声明
g:\sinaen\autofp\inc\json\writer.h(156): warning C4251: “Json::StyledStreamWriter::indentation_”: class“std::basic_string<char,std::char_traits<char>,std::allocator<char>>”需要有 dll 接口由 class“Json::StyledStreamWriter”的客户端使用
  c:\program files (x86)\microsoft visual studio\2017\community\vc\tools\msvc\14.10.25017\include\xstring(3997): note: 参见“std::basic_string<char,std::char_traits<char>,std::allocator<char>>”的声明
g:\sinaen\autofp\autofpdlg.cpp(381): warning C4101: “clientSockAddr”: 未引用的局部变量
g:\sinaen\autofp\autofpdlg.cpp(424): warning C4101: “buffer”: 未引用的局部变量
g:\sinaen\autofp\autofpdlg.cpp(556): warning C4996: 'localtime': This function or variable may be unsafe. Consider using localtime_s instead. To disable deprecation, use _CRT_SECURE_NO_WARNINGS. See online help for details.
  c:\program files (x86)\windows kits\10\include\10.0.14393.0\ucrt\time.h(505): note: 参见“localtime”的声明
g:\sinaen\autofp\autofpdlg.cpp(583): warning C4996: 'inet_addr': Use inet_pton() or InetPton() instead or define _WINSOCK_DEPRECATED_NO_WARNINGS to disable deprecated API warnings
  c:\program files (x86)\windows kits\10\include\10.0.14393.0\um\winsock2.h(1828): note: 参见“inet_addr”的声明
g:\sinaen\autofp\autofpdlg.cpp(596): warning C4996: 'inet_ntoa': Use inet_ntop() or InetNtop() instead or define _WINSOCK_DEPRECATED_NO_WARNINGS to disable deprecated API warnings
  c:\program files (x86)\windows kits\10\include\10.0.14393.0\um\winsock2.h(1846): note: 参见“inet_ntoa”的声明
g:\sinaen\autofp\autofpdlg.cpp(914): warning C4996: 'localtime': This function or variable may be unsafe. Consider using localtime_s instead. To disable deprecation, use _CRT_SECURE_NO_WARNINGS. See online help for details.
  c:\program files (x86)\windows kits\10\include\10.0.14393.0\ucrt\time.h(505): note: 参见“localtime”的声明
g:\sinaen\autofp\autofpdlg.cpp(2306): warning C4101: “HDevExpDefaultException”: 未引用的局部变量
g:\sinaen\autofp\autofpdlg.cpp(2810): warning C4996: 'strcpy': This function or variable may be unsafe. Consider using strcpy_s instead. To disable deprecation, use _CRT_SECURE_NO_WARNINGS. See online help for details.
  c:\program files (x86)\windows kits\10\include\10.0.14393.0\ucrt\string.h(129): note: 参见“strcpy”的声明
g:\sinaen\autofp\autofpdlg.cpp(3816): warning C4996: 'sprintf': This function or variable may be unsafe. Consider using sprintf_s instead. To disable deprecation, use _CRT_SECURE_NO_WARNINGS. See online help for details.
  c:\program files (x86)\windows kits\10\include\10.0.14393.0\ucrt\stdio.h(1769): note: 参见“sprintf”的声明
g:\sinaen\autofp\autofpdlg.cpp(5115): warning C4244: “初始化”: 从“INT64”转换到“int”，可能丢失数据
g:\sinaen\autofp\autofpdlg.cpp(5102): warning C4101: “Yoffset”: 未引用的局部变量
g:\sinaen\autofp\autofpdlg.cpp(5101): warning C4101: “Xoffset”: 未引用的局部变量
g:\sinaen\autofp\autofpdlg.cpp(5325): warning C4101: “HDevExpDefaultException”: 未引用的局部变量
g:\sinaen\autofp\autofpdlg.cpp(5360): warning C4101: “HDevExpDefaultException”: 未引用的局部变量
g:\sinaen\autofp\autofpdlg.cpp(5538): warning C4101: “HDevExpDefaultException”: 未引用的局部变量
g:\sinaen\autofp\autofpdlg.cpp(5568): warning C4101: “HDevExpDefaultException”: 未引用的局部变量
g:\sinaen\autofp\autofpdlg.cpp(5789): warning C4244: “=”: 从“float”转换到“int”，可能丢失数据
g:\sinaen\autofp\autofpdlg.cpp(7666): warning C4244: “=”: 从“float”转换到“int”，可能丢失数据
g:\sinaen\autofp\autofpdlg.cpp(7669): warning C4996: 'localtime': This function or variable may be unsafe. Consider using localtime_s instead. To disable deprecation, use _CRT_SECURE_NO_WARNINGS. See online help for details.
  c:\program files (x86)\windows kits\10\include\10.0.14393.0\ucrt\time.h(505): note: 参见“localtime”的声明
  正在生成代码...
  AutoFP.vcxproj -> G:\sinaen\AutoFP\.\Debug\AutoFP.exe
  AutoFP.vcxproj -> .\Debug\AutoFP.pdb (Full PDB)
